2025-07-27 10:45:09,227 - Analytics Dashboard - INFO - data has been loaded
2025-07-27 10:45:09,227 - Analytics Dashboard - INFO - 7032 - 1869 - 5163
2025-07-27 10:55:35,945 - Analytics Dashboard - INFO - data has been loaded
2025-07-27 10:55:35,945 - Analytics Dashboard - INFO - 7032 - 1869 - 5163
2025-07-27 10:55:35,952 - Analytics Dashboard - INFO - Cards created
2025-07-27 11:00:02,085 - Analytics Dashboard - INFO - data has been loaded
2025-07-27 11:00:02,087 - Analytics Dashboard - INFO - 7032 - 1869 - 5163
2025-07-27 11:00:02,091 - Analytics Dashboard - INFO - Cards created
2025-07-27 11:25:36,475 - Analytics Dashboard - INFO - data has been loaded
2025-07-27 11:25:36,478 - Analytics Dashboard - INFO - 7032 - 1869 - 5163
2025-07-27 11:25:36,483 - Analytics Dashboard - INFO - Cards created
2025-07-27 11:25:36,803 - Analytics Dashboard - INFO - histogram has been loaded
2025-07-27 11:31:29,269 - Analytics Dashboard - INFO - data has been loaded
2025-07-27 11:31:29,270 - Analytics Dashboard - INFO - 7032 - 1869 - 5163
2025-07-27 11:31:29,271 - Analytics Dashboard - INFO - Cards created
2025-07-27 11:31:29,428 - Analytics Dashboard - INFO - histogram has been loaded
2025-07-27 11:48:24,954 - Analytics Dashboard - INFO - data has been loaded
2025-07-27 11:48:24,956 - Analytics Dashboard - INFO - 7032 - 1869 - 5163
2025-07-27 11:48:24,958 - Analytics Dashboard - INFO - Cards created
2025-07-27 11:48:25,001 - Analytics Dashboard - INFO - histogram has been loaded
2025-07-27 12:04:01,175 - Analytics Dashboard - INFO - data has been loaded
2025-07-27 12:04:01,178 - Analytics Dashboard - INFO - 7032 - 1869 - 5163
2025-07-27 12:04:01,182 - Analytics Dashboard - INFO - Cards created
2025-07-27 12:04:01,424 - Analytics Dashboard - INFO - histogram has been loaded
2025-07-27 12:04:01,465 - Analytics Dashboard - INFO - Pie has been loaded
2025-07-27 12:04:01,498 - Analytics Dashboard - INFO - Pie has been loaded
2025-07-27 12:04:01,544 - Analytics Dashboard - INFO - Box has been created
2025-07-27 12:22:42,589 - Analytics Dashboard - INFO - data has been loaded
2025-07-27 12:22:42,589 - Analytics Dashboard - INFO - 7032 - 1869 - 5163
2025-07-27 12:22:42,589 - Analytics Dashboard - INFO - Cards created
2025-07-27 12:22:42,682 - Analytics Dashboard - INFO - histogram has been loaded
2025-07-27 12:22:42,735 - Analytics Dashboard - INFO - Pie has been loaded
2025-07-27 12:22:42,786 - Analytics Dashboard - INFO - Pie has been loaded
2025-07-27 12:22:42,872 - Analytics Dashboard - INFO - Box has been created
2025-07-27 16:05:58,096 - Analytics Dashboard - INFO - data has been loaded
2025-07-27 16:05:58,098 - Analytics Dashboard - INFO - 7032 - 1869 - 5163
2025-07-27 16:05:58,101 - Analytics Dashboard - INFO - Cards created
2025-07-27 16:05:58,305 - Analytics Dashboard - INFO - histogram has been loaded
2025-07-27 16:05:58,330 - Analytics Dashboard - INFO - Pie has been loaded
2025-07-27 16:05:58,355 - Analytics Dashboard - INFO - Pie has been loaded
2025-07-27 16:05:58,389 - Analytics Dashboard - INFO - Box has been created
2025-07-27 16:25:50,754 - Analytics Dashboard - INFO - data has been loaded
2025-07-27 16:25:50,755 - Analytics Dashboard - INFO - 7032 - 1869 - 5163
2025-07-27 16:25:50,758 - Analytics Dashboard - INFO - Cards created
2025-07-27 16:25:50,789 - Analytics Dashboard - INFO - histogram has been loaded
2025-07-27 16:25:50,809 - Analytics Dashboard - INFO - Pie has been loaded
2025-07-27 16:25:50,827 - Analytics Dashboard - INFO - Pie has been loaded
2025-07-27 16:25:50,855 - Analytics Dashboard - INFO - Box has been created
2025-07-27 22:34:39,181 - Analytics Dashboard - INFO - data has been loaded
2025-07-27 22:34:39,182 - Analytics Dashboard - INFO - 7032 - 1869 - 5163
2025-07-27 22:34:39,185 - Analytics Dashboard - INFO - Cards created
2025-07-27 22:34:39,399 - Analytics Dashboard - INFO - histogram has been loaded
2025-07-27 22:34:39,429 - Analytics Dashboard - INFO - Pie has been loaded
2025-07-27 22:34:39,454 - Analytics Dashboard - INFO - Pie has been loaded
2025-07-27 22:34:39,492 - Analytics Dashboard - INFO - Box has been created
2025-07-27 22:35:17,511 - Analytics Dashboard - INFO - data has been loaded
2025-07-27 22:35:17,512 - Analytics Dashboard - INFO - 7032 - 1869 - 5163
2025-07-27 22:35:17,514 - Analytics Dashboard - INFO - Cards created
2025-07-27 22:35:17,645 - Analytics Dashboard - INFO - histogram has been loaded
2025-07-27 22:35:17,666 - Analytics Dashboard - INFO - Pie has been loaded
2025-07-27 22:35:17,685 - Analytics Dashboard - INFO - Pie has been loaded
2025-07-27 22:35:17,712 - Analytics Dashboard - INFO - Box has been created
2025-07-27 22:42:45,058 - Analytics Dashboard - INFO - data has been loaded
2025-07-27 22:42:45,060 - Analytics Dashboard - INFO - 7032 - 1869 - 5163
2025-07-27 22:42:45,062 - Analytics Dashboard - INFO - Cards created
2025-07-27 22:42:45,092 - Analytics Dashboard - INFO - histogram has been loaded
2025-07-27 22:42:45,110 - Analytics Dashboard - INFO - Pie has been loaded
2025-07-27 22:42:45,127 - Analytics Dashboard - INFO - Pie has been loaded
2025-07-27 22:42:45,156 - Analytics Dashboard - INFO - Box has been created
2025-08-02 14:42:16,776 - Retrain Model - INFO - Retraining website loaded
2025-08-02 14:42:16,776 - Retrain Model - INFO - Retraining website loaded
2025-08-02 14:42:24,360 - Retrain Model - INFO - Retraining website loaded
2025-08-02 14:42:24,360 - Retrain Model - INFO - Retraining website loaded
2025-08-02 14:42:24,414 - Retrain Model - INFO - Training data file has been uploaded
2025-08-02 14:42:24,414 - Retrain Model - INFO - Training data file has been uploaded
2025-08-02 21:47:43,757 - Predict Churn - ERROR - [Errno 2] No such file or directory: 'model/churn_model.pkl'
2025-08-02 21:47:43,788 - Predict Churn - ERROR - Error has occurred
2025-08-02 21:47:49,432 - Retrain Model - INFO - Retraining website loaded
2025-08-02 21:47:57,364 - Retrain Model - INFO - Retraining website loaded
2025-08-02 21:47:57,410 - Retrain Model - INFO - Training data file has been uploaded
2025-08-02 21:48:00,856 - Predict Churn - ERROR - [Errno 2] No such file or directory: 'model/churn_model.pkl'
2025-08-02 21:48:00,857 - Predict Churn - ERROR - Error has occurred
2025-08-02 21:50:07,974 - Analytics Dashboard - INFO - data has been loaded
2025-08-02 21:50:07,977 - Analytics Dashboard - INFO - 7032 - 1869 - 5163
2025-08-02 21:50:07,977 - Analytics Dashboard - INFO - Cards created
2025-08-02 21:50:08,274 - Analytics Dashboard - INFO - histogram has been loaded
2025-08-02 21:50:08,338 - Analytics Dashboard - INFO - Pie has been loaded
2025-08-02 21:50:08,372 - Analytics Dashboard - INFO - Pie has been loaded
2025-08-02 21:50:08,430 - Analytics Dashboard - INFO - Box has been created
2025-08-02 21:50:13,347 - Retrain Model - INFO - Retraining website loaded
2025-08-02 21:51:54,941 - Retrain Model - INFO - Retraining website loaded
2025-08-02 21:52:15,432 - Retrain Model - INFO - Retraining website loaded
2025-08-02 21:52:15,481 - Retrain Model - INFO - Dataset has been uploaded
2025-08-02 21:52:15,491 - Retrain Model - INFO - Null values have been dropped
2025-08-02 21:52:15,498 - Retrain Model - INFO - CustomerID column has been dropped
2025-08-02 21:52:15,498 - Retrain Model - INFO - Rows: 7032 | Columns: 20
2025-08-02 21:52:19,869 - Retrain Model - INFO - Retraining website loaded
2025-08-02 21:52:19,900 - Retrain Model - INFO - Dataset has been uploaded
2025-08-02 21:52:19,909 - Retrain Model - INFO - Null values have been dropped
2025-08-02 21:52:19,916 - Retrain Model - INFO - CustomerID column has been dropped
2025-08-02 21:52:19,917 - Retrain Model - INFO - Rows: 7032 | Columns: 20
2025-08-02 21:52:25,648 - Predict Churn - INFO - Model has been loaded.
2025-08-02 21:52:25,648 - Predict Churn - INFO - Feature names have been loaded.
2025-08-02 21:52:28,483 - Predict Churn - INFO - Model has been loaded.
2025-08-02 21:52:28,483 - Predict Churn - INFO - Feature names have been loaded.
2025-08-02 21:52:33,111 - Predict Churn - INFO - Model has been loaded.
2025-08-02 21:52:33,113 - Predict Churn - INFO - Feature names have been loaded.
2025-08-02 21:52:34,982 - Predict Churn - INFO - Model has been loaded.
2025-08-02 21:52:34,982 - Predict Churn - INFO - Feature names have been loaded.
2025-08-02 21:52:36,945 - Predict Churn - INFO - Model has been loaded.
2025-08-02 21:52:36,945 - Predict Churn - INFO - Feature names have been loaded.
2025-08-02 21:52:38,785 - Predict Churn - INFO - Model has been loaded.
2025-08-02 21:52:38,785 - Predict Churn - INFO - Feature names have been loaded.
2025-08-02 21:52:39,759 - Predict Churn - INFO - Model has been loaded.
2025-08-02 21:52:39,760 - Predict Churn - INFO - Feature names have been loaded.
2025-08-02 21:52:44,625 - Predict Churn - INFO - Model has been loaded.
2025-08-02 21:52:44,625 - Predict Churn - INFO - Feature names have been loaded.
2025-08-02 21:52:45,879 - Predict Churn - INFO - Model has been loaded.
2025-08-02 21:52:45,879 - Predict Churn - INFO - Feature names have been loaded.
2025-08-02 21:52:48,819 - Predict Churn - INFO - Model has been loaded.
2025-08-02 21:52:48,825 - Predict Churn - INFO - Feature names have been loaded.
2025-08-02 21:52:49,938 - Predict Churn - INFO - Model has been loaded.
2025-08-02 21:52:49,938 - Predict Churn - INFO - Feature names have been loaded.
2025-08-02 21:52:53,158 - Analytics Dashboard - INFO - data has been loaded
2025-08-02 21:52:53,163 - Analytics Dashboard - INFO - 7032 - 1869 - 5163
2025-08-02 21:52:53,164 - Analytics Dashboard - INFO - Cards created
2025-08-02 21:52:53,425 - Analytics Dashboard - INFO - histogram has been loaded
2025-08-02 21:52:53,473 - Analytics Dashboard - INFO - Pie has been loaded
2025-08-02 21:52:53,516 - Analytics Dashboard - INFO - Pie has been loaded
2025-08-02 21:52:53,582 - Analytics Dashboard - INFO - Box has been created
2025-08-02 21:55:18,946 - Predict Churn - INFO - Model has been loaded.
2025-08-02 21:55:18,948 - Predict Churn - INFO - Feature names have been loaded.
2025-08-02 21:55:20,704 - Retrain Model - INFO - Retraining website loaded
2025-08-02 22:01:39,766 - Retrain Model - INFO - Retraining website loaded
2025-08-02 22:01:39,805 - Retrain Model - INFO - Dataset has been uploaded
2025-08-02 22:01:39,820 - Retrain Model - INFO - Null values have been dropped
2025-08-02 22:01:39,820 - Retrain Model - INFO - CustomerID column has been dropped
2025-08-02 22:01:39,820 - Retrain Model - INFO - Rows: 7032 | Columns: 20
2025-08-02 22:01:43,472 - Retrain Model - INFO - Retraining website loaded
2025-08-02 22:01:43,506 - Retrain Model - INFO - Dataset has been uploaded
2025-08-02 22:01:43,520 - Retrain Model - INFO - Null values have been dropped
2025-08-02 22:01:43,523 - Retrain Model - INFO - CustomerID column has been dropped
2025-08-02 22:01:43,525 - Retrain Model - INFO - Rows: 7032 | Columns: 20
2025-08-02 22:02:05,476 - Predict Churn - INFO - Model has been loaded.
2025-08-02 22:02:05,476 - Predict Churn - INFO - Feature names have been loaded.
2025-08-02 22:02:08,177 - Predict Churn - INFO - Model has been loaded.
2025-08-02 22:02:08,177 - Predict Churn - INFO - Feature names have been loaded.
2025-08-02 22:02:09,871 - Predict Churn - INFO - Model has been loaded.
2025-08-02 22:02:09,873 - Predict Churn - INFO - Feature names have been loaded.
2025-08-02 22:02:12,900 - Predict Churn - INFO - Model has been loaded.
2025-08-02 22:02:12,902 - Predict Churn - INFO - Feature names have been loaded.
2025-08-02 22:02:14,305 - Predict Churn - INFO - Model has been loaded.
2025-08-02 22:02:14,305 - Predict Churn - INFO - Feature names have been loaded.
2025-08-02 22:02:15,205 - Predict Churn - INFO - Model has been loaded.
2025-08-02 22:02:15,207 - Predict Churn - INFO - Feature names have been loaded.
2025-08-02 22:02:17,090 - Predict Churn - INFO - Model has been loaded.
2025-08-02 22:02:17,093 - Predict Churn - INFO - Feature names have been loaded.
2025-08-02 22:02:17,803 - Predict Churn - INFO - Model has been loaded.
2025-08-02 22:02:17,803 - Predict Churn - INFO - Feature names have been loaded.
2025-08-02 22:02:20,643 - Predict Churn - INFO - Model has been loaded.
2025-08-02 22:02:20,648 - Predict Churn - INFO - Feature names have been loaded.
2025-08-02 22:02:21,554 - Predict Churn - INFO - Model has been loaded.
2025-08-02 22:02:21,554 - Predict Churn - INFO - Feature names have been loaded.
2025-08-02 22:02:23,618 - Predict Churn - INFO - Model has been loaded.
2025-08-02 22:02:23,618 - Predict Churn - INFO - Feature names have been loaded.
2026-07-03 15:29:17,488 - Retrain Model - INFO - Retraining website loaded
2026-07-03 15:29:26,162 - Retrain Model - INFO - Retraining website loaded
2026-07-03 15:29:26,193 - Retrain Model - INFO - Dataset has been uploaded
2026-07-03 15:29:26,206 - Retrain Model - INFO - Null values have been dropped
2026-07-03 15:29:26,209 - Retrain Model - INFO - CustomerID column has been dropped
2026-07-03 15:29:26,211 - Retrain Model - INFO - Rows: 7032 | Columns: 20
2026-07-03 15:29:33,317 - Retrain Model - INFO - Retraining website loaded
2026-07-03 15:29:33,348 - Retrain Model - INFO - Dataset has been uploaded
2026-07-03 15:29:33,358 - Retrain Model - INFO - Null values have been dropped
2026-07-03 15:29:33,361 - Retrain Model - INFO - CustomerID column has been dropped
2026-07-03 15:29:33,362 - Retrain Model - INFO - Rows: 7032 | Columns: 20
2026-07-03 15:29:41,095 - Predict Churn - INFO - Model has been loaded.
2026-07-03 15:29:41,112 - Predict Churn - INFO - Feature names have been loaded.
2026-07-03 15:30:01,956 - Predict Churn - INFO - Model has been loaded.
2026-07-03 15:30:01,956 - Predict Churn - INFO - Feature names have been loaded.
2026-07-03 15:30:05,610 - Predict Churn - INFO - Model has been loaded.
2026-07-03 15:30:05,611 - Predict Churn - INFO - Feature names have been loaded.
2026-07-03 15:30:09,535 - Predict Churn - INFO - Model has been loaded.
2026-07-03 15:30:09,536 - Predict Churn - INFO - Feature names have been loaded.
2026-07-03 15:30:11,569 - Predict Churn - INFO - Model has been loaded.
2026-07-03 15:30:11,570 - Predict Churn - INFO - Feature names have been loaded.
2026-07-03 15:30:17,348 - Analytics Dashboard - INFO - data has been loaded
2026-07-03 15:30:17,350 - Analytics Dashboard - INFO - 7032 - 1869 - 5163
2026-07-03 15:30:17,352 - Analytics Dashboard - INFO - Cards created
2026-07-03 15:30:17,577 - Analytics Dashboard - INFO - histogram has been loaded
2026-07-03 15:30:17,620 - Analytics Dashboard - INFO - Pie has been loaded
2026-07-03 15:30:17,647 - Analytics Dashboard - INFO - Pie has been loaded
2026-07-03 15:30:17,694 - Analytics Dashboard - INFO - Box has been created
